<?xml version="1.0" encoding="UTF-8"?>
<coverage generated="1740046101757" clover="3.2.0">
  <project timestamp="1740046101757" name="All files">
    <metrics statements="25" coveredstatements="23" conditionals="10" coveredconditionals="8" methods="15" coveredmethods="13" elements="50" coveredelements="44" complexity="0" loc="25" ncloc="25" packages="7" files="7" classes="7"/>
    <package name="chat">
      <metrics statements="12" coveredstatements="10" conditionals="2" coveredconditionals="1" methods="6" coveredmethods="4"/>
      <file name="Chat.jsx" path="C:\development\lauren-projects\react-firebase-chat\src\components\chat\Chat.jsx">
        <metrics statements="12" coveredstatements="10" conditionals="2" coveredconditionals="1" methods="6" coveredmethods="4"/>
        <line num="6" count="6" type="stmt"/>
        <line num="7" count="5" type="stmt"/>
        <line num="9" count="5" type="stmt"/>
        <line num="11" count="5" type="stmt"/>
        <line num="12" count="4" type="cond" truecount="1" falsecount="1"/>
        <line num="13" count="4" type="stmt"/>
        <line num="17" count="5" type="stmt"/>
        <line num="18" count="0" type="stmt"/>
        <line num="19" count="0" type="stmt"/>
        <line num="22" count="5" type="stmt"/>
        <line num="116" count="1" type="stmt"/>
        <line num="119" count="1" type="stmt"/>
      </file>
    </package>
    <package name="detail">
      <metrics statements="1" coveredstatements="1" conditionals="0" coveredconditionals="0" methods="1" coveredmethods="1"/>
      <file name="Detail.jsx" path="C:\development\lauren-projects\react-firebase-chat\src\components\detail\Detail.jsx">
        <metrics statements="1" coveredstatements="1" conditionals="0" coveredconditionals="0" methods="1" coveredmethods="1"/>
        <line num="5" count="1" type="stmt"/>
      </file>
    </package>
    <package name="list">
      <metrics statements="1" coveredstatements="1" conditionals="0" coveredconditionals="0" methods="1" coveredmethods="1"/>
      <file name="List.jsx" path="C:\development\lauren-projects\react-firebase-chat\src\components\list\List.jsx">
        <metrics statements="1" coveredstatements="1" conditionals="0" coveredconditionals="0" methods="1" coveredmethods="1"/>
        <line num="7" count="1" type="stmt"/>
      </file>
    </package>
    <package name="list.chatList">
      <metrics statements="3" coveredstatements="3" conditionals="4" coveredconditionals="4" methods="2" coveredmethods="2"/>
      <file name="ChatList.jsx" path="C:\development\lauren-projects\react-firebase-chat\src\components\list\chatList\ChatList.jsx">
        <metrics statements="3" coveredstatements="3" conditionals="4" coveredconditionals="4" methods="2" coveredmethods="2"/>
        <line num="6" count="4" type="stmt"/>
        <line num="8" count="4" type="stmt"/>
        <line num="18" count="1" type="stmt"/>
      </file>
    </package>
    <package name="list.chatList.addUser">
      <metrics statements="1" coveredstatements="1" conditionals="0" coveredconditionals="0" methods="1" coveredmethods="1"/>
      <file name="AddUser.jsx" path="C:\development\lauren-projects\react-firebase-chat\src\components\list\chatList\addUser\AddUser.jsx">
        <metrics statements="1" coveredstatements="1" conditionals="0" coveredconditionals="0" methods="1" coveredmethods="1"/>
        <line num="5" count="1" type="stmt"/>
      </file>
    </package>
    <package name="list.userInformation">
      <metrics statements="1" coveredstatements="1" conditionals="0" coveredconditionals="0" methods="1" coveredmethods="1"/>
      <file name="UserInformation.jsx" path="C:\development\lauren-projects\react-firebase-chat\src\components\list\userInformation\UserInformation.jsx">
        <metrics statements="1" coveredstatements="1" conditionals="0" coveredconditionals="0" methods="1" coveredmethods="1"/>
        <line num="5" count="1" type="stmt"/>
      </file>
    </package>
    <package name="login">
      <metrics statements="6" coveredstatements="6" conditionals="4" coveredconditionals="3" methods="3" coveredmethods="3"/>
      <file name="Login.jsx" path="C:\development\lauren-projects\react-firebase-chat\src\components\login\Login.jsx">
        <metrics statements="6" coveredstatements="6" conditionals="4" coveredconditionals="3" methods="3" coveredmethods="3"/>
        <line num="6" count="5" type="stmt"/>
        <line num="11" count="5" type="stmt"/>
        <line num="12" count="1" type="cond" truecount="1" falsecount="1"/>
        <line num="13" count="1" type="stmt"/>
        <line num="24" count="5" type="stmt"/>
        <line num="49" count="1" type="stmt"/>
      </file>
    </package>
  </project>
</coverage>
