{"C:\\development\\lauren-projects\\react-firebase-chat\\src\\components\\chat\\Chat.jsx": {"path":"C:\\development\\lauren-projects\\react-firebase-chat\\src\\components\\chat\\Chat.jsx","statementMap":{"0":{"start":{"line":6,"column":42},"end":{"line":6,"column":63}},"1":{"start":{"line":7,"column":28},"end":{"line":7,"column":46}},"2":{"start":{"line":9,"column":19},"end":{"line":9,"column":37}},"3":{"start":{"line":11,"column":4},"end":{"line":15,"column":15}},"4":{"start":{"line":12,"column":8},"end":{"line":14,"column":9}},"5":{"start":{"line":13,"column":12},"end":{"line":13,"column":66}},"6":{"start":{"line":17,"column":29},"end":{"line":20,"column":5}},"7":{"start":{"line":18,"column":8},"end":{"line":18,"column":52}},"8":{"start":{"line":18,"column":26},"end":{"line":18,"column":50}},"9":{"start":{"line":19,"column":8},"end":{"line":19,"column":30}},"10":{"start":{"line":22,"column":4},"end":{"line":131,"column":5}},"11":{"start":{"line":116,"column":94},"end":{"line":116,"column":117}},"12":{"start":{"line":119,"column":70},"end":{"line":119,"column":98}}},"fnMap":{"0":{"name":"Chat","decl":{"start":{"line":5,"column":24},"end":{"line":5,"column":28}},"loc":{"start":{"line":5,"column":31},"end":{"line":132,"column":1}},"line":5},"1":{"name":"(anonymous_1)","decl":{"start":{"line":11,"column":20},"end":{"line":11,"column":21}},"loc":{"start":{"line":11,"column":26},"end":{"line":15,"column":5}},"line":11},"2":{"name":"(anonymous_2)","decl":{"start":{"line":17,"column":29},"end":{"line":17,"column":30}},"loc":{"start":{"line":17,"column":46},"end":{"line":20,"column":5}},"line":17},"3":{"name":"(anonymous_3)","decl":{"start":{"line":18,"column":16},"end":{"line":18,"column":17}},"loc":{"start":{"line":18,"column":26},"end":{"line":18,"column":50}},"line":18},"4":{"name":"(anonymous_4)","decl":{"start":{"line":116,"column":87},"end":{"line":116,"column":88}},"loc":{"start":{"line":116,"column":94},"end":{"line":116,"column":117}},"line":116},"5":{"name":"(anonymous_5)","decl":{"start":{"line":119,"column":64},"end":{"line":119,"column":65}},"loc":{"start":{"line":119,"column":70},"end":{"line":119,"column":98}},"line":119}},"branchMap":{"0":{"loc":{"start":{"line":12,"column":8},"end":{"line":14,"column":9}},"type":"if","locations":[{"start":{"line":12,"column":8},"end":{"line":14,"column":9}},{"start":{},"end":{}}],"line":12}},"s":{"0":6,"1":5,"2":5,"3":5,"4":4,"5":4,"6":5,"7":0,"8":0,"9":0,"10":5,"11":1,"12":1},"f":{"0":6,"1":4,"2":0,"3":0,"4":1,"5":1},"b":{"0":[4,0]},"_coverageSchema":"1a1c01bbd47fc00a2c39e90264f33305004495a9","hash":"236016f995774da6d4822782f5e2dfb92f16a388"}
,"C:\\development\\lauren-projects\\react-firebase-chat\\src\\components\\detail\\Detail.jsx": {"path":"C:\\development\\lauren-projects\\react-firebase-chat\\src\\components\\detail\\Detail.jsx","statementMap":{"0":{"start":{"line":5,"column":4},"end":{"line":56,"column":5}}},"fnMap":{"0":{"name":"Detail","decl":{"start":{"line":4,"column":24},"end":{"line":4,"column":30}},"loc":{"start":{"line":4,"column":33},"end":{"line":57,"column":1}},"line":4}},"branchMap":{},"s":{"0":1},"f":{"0":1},"b":{},"_coverageSchema":"1a1c01bbd47fc00a2c39e90264f33305004495a9","hash":"a86c295ea87a83284b800a4b721a477805acb8bb"}
,"C:\\development\\lauren-projects\\react-firebase-chat\\src\\components\\list\\List.jsx": {"path":"C:\\development\\lauren-projects\\react-firebase-chat\\src\\components\\list\\List.jsx","statementMap":{"0":{"start":{"line":7,"column":4},"end":{"line":20,"column":5}}},"fnMap":{"0":{"name":"List","decl":{"start":{"line":6,"column":24},"end":{"line":6,"column":28}},"loc":{"start":{"line":6,"column":31},"end":{"line":21,"column":1}},"line":6}},"branchMap":{},"s":{"0":1},"f":{"0":1},"b":{},"_coverageSchema":"1a1c01bbd47fc00a2c39e90264f33305004495a9","hash":"cd4206ba02a3562d7adcbc3552369d9e16c8c80e"}
,"C:\\development\\lauren-projects\\react-firebase-chat\\src\\components\\list\\chatList\\ChatList.jsx": {"path":"C:\\development\\lauren-projects\\react-firebase-chat\\src\\components\\list\\chatList\\ChatList.jsx","statementMap":{"0":{"start":{"line":6,"column":34},"end":{"line":6,"column":55}},"1":{"start":{"line":8,"column":4},"end":{"line":95,"column":5}},"2":{"start":{"line":18,"column":62},"end":{"line":18,"column":82}}},"fnMap":{"0":{"name":"ChatList","decl":{"start":{"line":5,"column":24},"end":{"line":5,"column":32}},"loc":{"start":{"line":5,"column":35},"end":{"line":96,"column":1}},"line":5},"1":{"name":"(anonymous_1)","decl":{"start":{"line":18,"column":56},"end":{"line":18,"column":57}},"loc":{"start":{"line":18,"column":62},"end":{"line":18,"column":82}},"line":18}},"branchMap":{"0":{"loc":{"start":{"line":16,"column":20},"end":{"line":16,"column":58}},"type":"cond-expr","locations":[{"start":{"line":16,"column":30},"end":{"line":16,"column":43}},{"start":{"line":16,"column":46},"end":{"line":16,"column":58}}],"line":16},"1":{"loc":{"start":{"line":92,"column":16},"end":{"line":92,"column":38}},"type":"binary-expr","locations":[{"start":{"line":92,"column":16},"end":{"line":92,"column":23}},{"start":{"line":92,"column":27},"end":{"line":92,"column":38}}],"line":92}},"s":{"0":4,"1":4,"2":1},"f":{"0":4,"1":1},"b":{"0":[1,3],"1":[4,1]},"_coverageSchema":"1a1c01bbd47fc00a2c39e90264f33305004495a9","hash":"1b3ce149a8b00bc063d6b536839c5d69883cbfc4"}
,"C:\\development\\lauren-projects\\react-firebase-chat\\src\\components\\list\\chatList\\addUser\\AddUser.jsx": {"path":"C:\\development\\lauren-projects\\react-firebase-chat\\src\\components\\list\\chatList\\addUser\\AddUser.jsx","statementMap":{"0":{"start":{"line":5,"column":4},"end":{"line":21,"column":5}}},"fnMap":{"0":{"name":"AddUser","decl":{"start":{"line":4,"column":24},"end":{"line":4,"column":31}},"loc":{"start":{"line":4,"column":34},"end":{"line":22,"column":1}},"line":4}},"branchMap":{},"s":{"0":1},"f":{"0":1},"b":{},"_coverageSchema":"1a1c01bbd47fc00a2c39e90264f33305004495a9","hash":"5fc282aff560ccb04d688f0f699a752f52186d21"}
,"C:\\development\\lauren-projects\\react-firebase-chat\\src\\components\\list\\userInformation\\UserInformation.jsx": {"path":"C:\\development\\lauren-projects\\react-firebase-chat\\src\\components\\list\\userInformation\\UserInformation.jsx","statementMap":{"0":{"start":{"line":5,"column":4},"end":{"line":19,"column":5}}},"fnMap":{"0":{"name":"UserInformation","decl":{"start":{"line":4,"column":24},"end":{"line":4,"column":39}},"loc":{"start":{"line":4,"column":42},"end":{"line":20,"column":1}},"line":4}},"branchMap":{},"s":{"0":1},"f":{"0":1},"b":{},"_coverageSchema":"1a1c01bbd47fc00a2c39e90264f33305004495a9","hash":"e12cc79b2a5c5ef9de8e459a3eaf50fd4209ae4f"}
,"C:\\development\\lauren-projects\\react-firebase-chat\\src\\components\\login\\Login.jsx": {"path":"C:\\development\\lauren-projects\\react-firebase-chat\\src\\components\\login\\Login.jsx","statementMap":{"0":{"start":{"line":6,"column":32},"end":{"line":9,"column":6}},"1":{"start":{"line":11,"column":25},"end":{"line":18,"column":5}},"2":{"start":{"line":12,"column":8},"end":{"line":17,"column":9}},"3":{"start":{"line":13,"column":12},"end":{"line":16,"column":14}},"4":{"start":{"line":24,"column":4},"end":{"line":59,"column":5}},"5":{"start":{"line":49,"column":28},"end":{"line":49,"column":43}}},"fnMap":{"0":{"name":"Login","decl":{"start":{"line":5,"column":24},"end":{"line":5,"column":29}},"loc":{"start":{"line":5,"column":32},"end":{"line":60,"column":1}},"line":5},"1":{"name":"(anonymous_1)","decl":{"start":{"line":11,"column":25},"end":{"line":11,"column":26}},"loc":{"start":{"line":11,"column":32},"end":{"line":18,"column":5}},"line":11},"2":{"name":"(anonymous_2)","decl":{"start":{"line":48,"column":34},"end":{"line":48,"column":35}},"loc":{"start":{"line":48,"column":41},"end":{"line":50,"column":25}},"line":48}},"branchMap":{"0":{"loc":{"start":{"line":12,"column":8},"end":{"line":17,"column":9}},"type":"if","locations":[{"start":{"line":12,"column":8},"end":{"line":17,"column":9}},{"start":{},"end":{}}],"line":12},"1":{"loc":{"start":{"line":44,"column":34},"end":{"line":44,"column":74}},"type":"cond-expr","locations":[{"start":{"line":44,"column":47},"end":{"line":44,"column":57}},{"start":{"line":44,"column":60},"end":{"line":44,"column":74}}],"line":44}},"s":{"0":5,"1":5,"2":1,"3":1,"4":5,"5":1},"f":{"0":5,"1":1,"2":1},"b":{"0":[1,0],"1":[1,4]},"_coverageSchema":"1a1c01bbd47fc00a2c39e90264f33305004495a9","hash":"28baab0779dbf26c18421c2b1e68849489daaf39"}
}
