TN:
SF:src\components\chat\Chat.jsx
FN:5,Chat
FN:11,(anonymous_1)
FN:17,(anonymous_2)
FN:18,(anonymous_3)
FN:116,(anonymous_4)
FN:119,(anonymous_5)
FNF:6
FNH:4
FNDA:6,Chat
FNDA:4,(anonymous_1)
FNDA:0,(anonymous_2)
FNDA:0,(anonymous_3)
FNDA:1,(anonymous_4)
FNDA:1,(anonymous_5)
DA:6,6
DA:7,5
DA:9,5
DA:11,5
DA:12,4
DA:13,4
DA:17,5
DA:18,0
DA:19,0
DA:22,5
DA:116,1
DA:119,1
LF:12
LH:10
BRDA:12,0,0,4
BRDA:12,0,1,0
BRF:2
BRH:1
end_of_record
TN:
SF:src\components\detail\Detail.jsx
FN:4,Detail
FNF:1
FNH:1
FNDA:1,Detail
DA:5,1
LF:1
LH:1
BRF:0
BRH:0
end_of_record
TN:
SF:src\components\list\List.jsx
FN:6,List
FNF:1
FNH:1
FNDA:1,List
DA:7,1
LF:1
LH:1
BRF:0
BRH:0
end_of_record
TN:
SF:src\components\list\chatList\ChatList.jsx
FN:5,ChatList
FN:18,(anonymous_1)
FNF:2
FNH:2
FNDA:4,ChatList
FNDA:1,(anonymous_1)
DA:6,4
DA:8,4
DA:18,1
LF:3
LH:3
BRDA:16,0,0,1
BRDA:16,0,1,3
BRDA:92,1,0,4
BRDA:92,1,1,1
BRF:4
BRH:4
end_of_record
TN:
SF:src\components\list\chatList\addUser\AddUser.jsx
FN:4,AddUser
FNF:1
FNH:1
FNDA:1,AddUser
DA:5,1
LF:1
LH:1
BRF:0
BRH:0
end_of_record
TN:
SF:src\components\list\userInformation\UserInformation.jsx
FN:4,UserInformation
FNF:1
FNH:1
FNDA:1,UserInformation
DA:5,1
LF:1
LH:1
BRF:0
BRH:0
end_of_record
TN:
SF:src\components\login\Login.jsx
FN:5,Login
FN:11,(anonymous_1)
FN:48,(anonymous_2)
FNF:3
FNH:3
FNDA:5,Login
FNDA:1,(anonymous_1)
FNDA:1,(anonymous_2)
DA:6,5
DA:11,5
DA:12,1
DA:13,1
DA:24,5
DA:49,1
LF:6
LH:6
BRDA:12,0,0,1
BRDA:12,0,1,0
BRDA:44,1,0,1
BRDA:44,1,1,4
BRF:4
BRH:3
end_of_record
